

Version:	3.50
CmdLine:	D:\ARCHIVOS 04-ABRI-23\Documents\NetBeansProjects\PokeApi\exe\PokeApi.exe --l4j-debug
JNI:		No
WOW64:		Yes
Working dir:	D:\ARCHIVOS 04-ABRI-23\Documents\NetBeansProjects\PokeApi\exe\.
Requires JDK:	No
Requires 64-Bit: No
Java min ver:	
Java max ver:	
Substitute:	JAVA_HOME = C:\Program Files\Java\jdk-21
Substitute:	PATH = C:\Program Files (x86)\NVIDIA Corporation\PhysX\Common;C:\Program Files\Common Files\Oracle\Java\javapath;C:\WINDOWS\system32;C:\WINDOWS;C:\WINDOWS\System32\Wbem;C:\WINDOWS\System32\WindowsPowerShell\v1.0\;C:\WINDOWS\System32\OpenSSH\;C:\apache-maven-3.8.8\bin;C:\Program Files\Java\jdk-20\bin;C:\Program Files\Microsoft SQL Server\150\Tools\Binn\;C:\Program Files\dotnet\;C:\Program Files\Git\cmd;C:\Program Files\MySQL\MySQL Server 8.0\bin;C:\MinGW\bin;C:\Users\Usuario\AppData\Local\Microsoft\WindowsApps;C:\apache-maven-3.9.2\bin;C:\Users\Usuario\AppData\Local\Programs\Microsoft VS Code\bin;C:\Users\Usuario\.dotnet\tools;C:\Users\Usuario\AppData\Local\GitHubDesktop\bin;C:\Program Files\Java\jdk-21\bin
JRE paths:	C:\Program Files\Java\jdk-21;C:\Program Files (x86)\NVIDIA Corporation\PhysX\Common;C:\Program Files\Common Files\Oracle\Java\javapath;C:\WINDOWS\system32;C:\WINDOWS;C:\WINDOWS\System32\Wbem;C:\WINDOWS\System32\WindowsPowerShell\v1.0\;C:\WINDOWS\System32\OpenSSH\;C:\apache-maven-3.8.8\bin;C:\Program Files\Java\jdk-20\bin;C:\Program Files\Microsoft SQL Server\150\Tools\Binn\;C:\Program Files\dotnet\;C:\Program Files\Git\cmd;C:\Program Files\MySQL\MySQL Server 8.0\bin;C:\MinGW\bin;C:\Users\Usuario\AppData\Local\Microsoft\WindowsApps;C:\apache-maven-3.9.2\bin;C:\Users\Usuario\AppData\Local\Programs\Microsoft VS Code\bin;C:\Users\Usuario\.dotnet\tools;C:\Users\Usuario\AppData\Local\GitHubDesktop\bin;C:\Program Files\Java\jdk-21\bin
Check launcher:	C:\Program Files\Java\jdk-21\bin\javaw.exe (OK)
Version string: 1.021.000_001 / 64-Bit (OK)
Main class:	pokeapi.Main
Add classpath:	lib\json-20230618.jar
Launcher:	C:\Program Files\Java\jdk-21\bin\javaw.exe
Launcher args:	-classpath "D:\ARCHIVOS 04-ABRI-23\Documents\NetBeansProjects\PokeApi\exe\PokeApi.exe;lib\json-20230618.jar" pokeapi.Main
Args length:	121/32768 chars
Exit code:	0
